{
  "RSpec": {
    "coverage": {
      "C:/Users/USER/Desktop/Lab20/Lab2/lib/bus.rb": [
        null,
        null,
        null,
        1,
        1,
        1,
        null,
        1,
        108,
        108,
        108,
        108,
        108,
        108,
        null,
        null,
        1,
        6,
        null,
        null,
        null,
        null,
        null,
        null,
        null,
        1,
        1,
        null,
        null,
        null,
        null
      ],
      "C:/Users/USER/Desktop/Lab20/Lab2/lib/route.rb": [
        null,
        null,
        null,
        1,
        1,
        null,
        1,
        64,
        64,
        64,
        64,
        null,
        null,
        1,
        8,
        null,
        null,
        null,
        null,
        null,
        1,
        1,
        null,
        null,
        null,
        null
      ],
      "C:/Users/USER/Desktop/Lab20/Lab2/lib/bus_list.rb": [
        null,
        null,
        1,
        1,
        null,
        null,
        1,
        1,
        null,
        1,
        35,
        null,
        null,
        1,
        9,
        9,
        9,
        null,
        null,
        1,
        9,
        63,
        null,
        null,
        null,
        null,
        null,
        1,
        7,
        7,
        null,
        null,
        null,
        null,
        null,
        1,
        1,
        1,
        2,
        null,
        null,
        1,
        null,
        null,
        1,
        1,
        1,
        2,
        2,
        null,
        null,
        1,
        null,
        null,
        1,
        1,
        1,
        2,
        null,
        null,
        1,
        null,
        null,
        1,
        1,
        1,
        2,
        null,
        null,
        1,
        null,
        null,
        1,
        1,
        1,
        1,
        null,
        null,
        1,
        1,
        1,
        2,
        null,
        null,
        1,
        null,
        null,
        1,
        1,
        1,
        null,
        null,
        1,
        36,
        null,
        null,
        1,
        0,
        null,
        0,
        0,
        null,
        null,
        null
      ],
      "C:/Users/USER/Desktop/Lab20/Lab2/lib/route_list.rb": [
        null,
        null,
        1,
        1,
        null,
        null,
        1,
        1,
        null,
        1,
        25,
        null,
        null,
        1,
        4,
        4,
        4,
        null,
        null,
        1,
        4,
        16,
        null,
        null,
        null,
        null,
        null,
        null,
        1,
        6,
        6,
        null,
        null,
        null,
        null,
        null,
        1,
        2,
        null,
        null,
        1,
        35,
        null,
        null,
        1,
        0,
        null,
        0,
        0,
        null,
        null,
        null
      ],
      "C:/Users/USER/Desktop/Lab20/Lab2/lib/validating.rb": [
        null,
        null,
        1,
        1,
        null,
        null,
        1,
        1,
        16,
        null,
        5,
        null,
        null,
        1,
        6,
        null,
        1,
        null,
        null,
        1,
        2,
        2,
        2,
        2,
        2,
        2,
        2,
        2,
        2,
        null,
        null,
        1,
        2,
        2,
        2,
        2,
        2,
        1,
        null,
        2,
        1,
        null,
        2,
        2,
        null,
        null
      ]
    },
    "timestamp": 1561098750
  }
}
